<?xml version="1.0" encoding="UTF-8"?>
<!-- Generated by org.testng.reporters.JUnitReportReporter -->
<testsuite skipped="0" hostname="DESKTOP-2V8QQ5H" name="TestRunner.Run" tests="1" failures="0" timestamp="2023-09-17T20:53:14 BST" time="0.318" errors="0">
  <testcase name="runScenario" time="0.318" classname="TestRunner.Run"/>
  <system-out/>
</testsuite> <!-- TestRunner.Run -->
